# JRE version: OpenJDK Runtime Environment (8.0_332-b08) (build 1.8.0_332-b08)
# Java VM: OpenJDK 64-Bit Server VM (25.332-b08 mixed mode windows-amd64 compressed oops)
Heap:
 PSYoungGen      total 70656K, used 7287K [0x00000000d6300000, 0x00000000dda00000, 0x0000000100000000)
  eden space 65536K, 3% used [0x00000000d6300000,0x00000000d651e7e8,0x00000000da300000)
  from space 5120K, 99% used [0x00000000da300000,0x00000000da7ff460,0x00000000da800000)
  to   space 9216K, 0% used [0x00000000dd100000,0x00000000dd100000,0x00000000dda00000)
 ParOldGen       total 56320K, used 9345K [0x0000000082800000, 0x0000000085f00000, 0x00000000d6300000)
  object space 56320K, 16% used [0x0000000082800000,0x0000000083120448,0x0000000085f00000)
 Metaspace       used 25025K, capacity 26350K, committed 26624K, reserved 1073152K
  class space    used 3190K, capacity 3459K, committed 3584K, reserved 1048576K
GC Heap History (10 events):
Event: 0.955 GC heap before
{Heap before GC invocations=2 (full 0):
 PSYoungGen      total 37888K, used 37865K [0x00000000d6300000, 0x00000000d8d00000, 0x0000000100000000)
  eden space 32768K, 100% used [0x00000000d6300000,0x00000000d8300000,0x00000000d8300000)
  from space 5120K, 99% used [0x00000000d8300000,0x00000000d87fa7e0,0x00000000d8800000)
  to   space 5120K, 0% used [0x00000000d8800000,0x00000000d8800000,0x00000000d8d00000)
 ParOldGen       total 86016K, used 261K [0x0000000082800000, 0x0000000087c00000, 0x00000000d6300000)
  object space 86016K, 0% used [0x0000000082800000,0x0000000082841760,0x0000000087c00000)
 Metaspace       used 14794K, capacity 15500K, committed 15616K, reserved 1062912K
  class space    used 1853K, capacity 2006K, committed 2048K, reserved 1048576K
Event: 0.960 GC heap after
Heap after GC invocations=2 (full 0):
 PSYoungGen      total 37888K, used 5112K [0x00000000d6300000, 0x00000000d8d00000, 0x0000000100000000)
  eden space 32768K, 0% used [0x00000000d6300000,0x00000000d6300000,0x00000000d8300000)
  from space 5120K, 99% used [0x00000000d8800000,0x00000000d8cfe2a8,0x00000000d8d00000)
  to   space 5120K, 0% used [0x00000000d8300000,0x00000000d8300000,0x00000000d8800000)
 ParOldGen       total 86016K, used 2408K [0x0000000082800000, 0x0000000087c00000, 0x00000000d6300000)
  object space 86016K, 2% used [0x0000000082800000,0x0000000082a5a110,0x0000000087c00000)
 Metaspace       used 14794K, capacity 15500K, committed 15616K, reserved 1062912K
  class space    used 1853K, capacity 2006K, committed 2048K, reserved 1048576K
}
Event: 1.097 GC heap before
{Heap before GC invocations=3 (full 0):
 PSYoungGen      total 37888K, used 37880K [0x00000000d6300000, 0x00000000d8d00000, 0x0000000100000000)
  eden space 32768K, 100% used [0x00000000d6300000,0x00000000d8300000,0x00000000d8300000)
  from space 5120K, 99% used [0x00000000d8800000,0x00000000d8cfe2a8,0x00000000d8d00000)
  to   space 5120K, 0% used [0x00000000d8300000,0x00000000d8300000,0x00000000d8800000)
 ParOldGen       total 86016K, used 2408K [0x0000000082800000, 0x0000000087c00000, 0x00000000d6300000)
  object space 86016K, 2% used [0x0000000082800000,0x0000000082a5a110,0x0000000087c00000)
 Metaspace       used 18647K, capacity 19468K, committed 19712K, reserved 1067008K
  class space    used 2325K, capacity 2528K, committed 2560K, reserved 1048576K
Event: 1.103 GC heap after
Heap after GC invocations=3 (full 0):
 PSYoungGen      total 37888K, used 5102K [0x00000000d6300000, 0x00000000dad00000, 0x0000000100000000)
  eden space 32768K, 0% used [0x00000000d6300000,0x00000000d6300000,0x00000000d8300000)
  from space 5120K, 99% used [0x00000000d8300000,0x00000000d87fba90,0x00000000d8800000)
  to   space 5120K, 0% used [0x00000000da800000,0x00000000da800000,0x00000000dad00000)
 ParOldGen       total 86016K, used 5364K [0x0000000082800000, 0x0000000087c00000, 0x00000000d6300000)
  object space 86016K, 6% used [0x0000000082800000,0x0000000082d3d370,0x0000000087c00000)
 Metaspace       used 18647K, capacity 19468K, committed 19712K, reserved 1067008K
  class space    used 2325K, capacity 2528K, committed 2560K, reserved 1048576K
}
Event: 1.321 GC heap before
{Heap before GC invocations=4 (full 0):
 PSYoungGen      total 37888K, used 24191K [0x00000000d6300000, 0x00000000dad00000, 0x0000000100000000)
  eden space 32768K, 58% used [0x00000000d6300000,0x00000000d75a4478,0x00000000d8300000)
  from space 5120K, 99% used [0x00000000d8300000,0x00000000d87fba90,0x00000000d8800000)
  to   space 5120K, 0% used [0x00000000da800000,0x00000000da800000,0x00000000dad00000)
 ParOldGen       total 86016K, used 5364K [0x0000000082800000, 0x0000000087c00000, 0x00000000d6300000)
  object space 86016K, 6% used [0x0000000082800000,0x0000000082d3d370,0x0000000087c00000)
 Metaspace       used 20262K, capacity 21162K, committed 21248K, reserved 1067008K
  class space    used 2538K, capacity 2737K, committed 2816K, reserved 1048576K
Event: 1.326 GC heap after
Heap after GC invocations=4 (full 0):
 PSYoungGen      total 70656K, used 5117K [0x00000000d6300000, 0x00000000dad00000, 0x0000000100000000)
  eden space 65536K, 0% used [0x00000000d6300000,0x00000000d6300000,0x00000000da300000)
  from space 5120K, 99% used [0x00000000da800000,0x00000000dacff648,0x00000000dad00000)
  to   space 5120K, 0% used [0x00000000da300000,0x00000000da300000,0x00000000da800000)
 ParOldGen       total 86016K, used 7046K [0x0000000082800000, 0x0000000087c00000, 0x00000000d6300000)
  object space 86016K, 8% used [0x0000000082800000,0x0000000082ee1ab0,0x0000000087c00000)
 Metaspace       used 20262K, capacity 21162K, committed 21248K, reserved 1067008K
  class space    used 2538K, capacity 2737K, committed 2816K, reserved 1048576K
}
Event: 1.326 GC heap before
{Heap before GC invocations=5 (full 1):
 PSYoungGen      total 70656K, used 5117K [0x00000000d6300000, 0x00000000dad00000, 0x0000000100000000)
  eden space 65536K, 0% used [0x00000000d6300000,0x00000000d6300000,0x00000000da300000)
  from space 5120K, 99% used [0x00000000da800000,0x00000000dacff648,0x00000000dad00000)
  to   space 5120K, 0% used [0x00000000da300000,0x00000000da300000,0x00000000da800000)
 ParOldGen       total 86016K, used 7046K [0x0000000082800000, 0x0000000087c00000, 0x00000000d6300000)
  object space 86016K, 8% used [0x0000000082800000,0x0000000082ee1ab0,0x0000000087c00000)
 Metaspace       used 20262K, capacity 21162K, committed 21248K, reserved 1067008K
  class space    used 2538K, capacity 2737K, committed 2816K, reserved 1048576K
Event: 1.342 GC heap after
Heap after GC invocations=5 (full 1):
 PSYoungGen      total 70656K, used 0K [0x00000000d6300000, 0x00000000dad00000, 0x0000000100000000)
  eden space 65536K, 0% used [0x00000000d6300000,0x00000000d6300000,0x00000000da300000)
  from space 5120K, 0% used [0x00000000da800000,0x00000000da800000,0x00000000dad00000)
  to   space 5120K, 0% used [0x00000000da300000,0x00000000da300000,0x00000000da800000)
 ParOldGen       total 56320K, used 6642K [0x0000000082800000, 0x0000000085f00000, 0x00000000d6300000)
  object space 56320K, 11% used [0x0000000082800000,0x0000000082e7c888,0x0000000085f00000)
 Metaspace       used 20262K, capacity 21162K, committed 21248K, reserved 1067008K
  class space    used 2538K, capacity 2737K, committed 2816K, reserved 1048576K
}
Event: 1.891 GC heap before
{Heap before GC invocations=6 (full 1):
 PSYoungGen      total 70656K, used 65536K [0x00000000d6300000, 0x00000000dad00000, 0x0000000100000000)
  eden space 65536K, 100% used [0x00000000d6300000,0x00000000da300000,0x00000000da300000)
  from space 5120K, 0% used [0x00000000da800000,0x00000000da800000,0x00000000dad00000)
  to   space 5120K, 0% used [0x00000000da300000,0x00000000da300000,0x00000000da800000)
 ParOldGen       total 56320K, used 6642K [0x0000000082800000, 0x0000000085f00000, 0x00000000d6300000)
  object space 56320K, 11% used [0x0000000082800000,0x0000000082e7c888,0x0000000085f00000)
 Metaspace       used 24808K, capacity 26162K, committed 26240K, reserved 1073152K
  class space    used 3163K, capacity 3421K, committed 3456K, reserved 1048576K
Event: 1.897 GC heap after
Heap after GC invocations=6 (full 1):
 PSYoungGen      total 70656K, used 5117K [0x00000000d6300000, 0x00000000dda00000, 0x0000000100000000)
  eden space 65536K, 0% used [0x00000000d6300000,0x00000000d6300000,0x00000000da300000)
  from space 5120K, 99% used [0x00000000da300000,0x00000000da7ff460,0x00000000da800000)
  to   space 9216K, 0% used [0x00000000dd100000,0x00000000dd100000,0x00000000dda00000)
 ParOldGen       total 56320K, used 9345K [0x0000000082800000, 0x0000000085f00000, 0x00000000d6300000)
  object space 56320K, 16% used [0x0000000082800000,0x0000000083120448,0x0000000085f00000)
 Metaspace       used 24808K, capacity 26162K, committed 26240K, reserved 1073152K
  class space    used 3163K, capacity 3421K, committed 3456K, reserved 1048576K
}

